Arguments: 
  /Users/tokhtarahmetov/.nvm/versions/node/v14.19.0/bin/node /opt/homebrew/bin/yarn install --silent

PATH: 
  /Users/tokhtarahmetov/.npm/_npx/55494/bin:/Users/tokhtarahmetov/Library/pnpm:/Users/tokhtarahmetov/solana/bin:/opt/homebrew:/Users/tokhtarahmetov/.nvm/versions/node/v14.19.0/bin:/Users/tokhtarahmetov/.local/share/solana/install/active_release/bin:/usr/local/anaconda3/bin:/opt/homebrew/bin:/opt/homebrew/sbin:/Users/tokhtarahmetov/.local/share/solana/install/active_release/bin:/opt/homebrew/bin:/opt/homebrew/sbin:/usr/local/bin:/usr/bin:/bin:/usr/sbin:/sbin:/Library/TeX/texbin:/Library/Apple/usr/bin:/Users/tokhtarahmetov/.local/bin:/Users/tokhtarahmetov/.cargo/bin

Yarn version: 
  1.22.17

Node version: 
  14.19.0

Platform: 
  darwin arm64

Trace: 
  Error: getaddrinfo ENOTFOUND registry.yarnpkg.com
      at GetAddrInfoReqWrap.onlookup [as oncomplete] (dns.js:71:26)

npm manifest: 
  {
    "name": "inip",
    "version": "0.1.0",
    "private": true,
    "scripts": {
      "dev": "next dev",
      "build": "next build",
      "start": "next start",
      "svgr": "npx @svgr/cli -d src/components/icons --ignore-existing --icon --typescript public/icons",
      "lint": "eslint '**/*.{js,jsx,ts,tsx}'",
      "prettier": "prettier --write '**/*.{js,jsx,ts,tsx}'",
      "test": "jest -c test/jest.config.js"
    },
    "dependencies": {
      "next": "^12.1.6",
      "react": "17.0.2",
      "react-dom": "17.0.2",
      "next-compose-plugins": "^2.2.1",
      "sass": "^1.32.5",
      "axios": "^0.21.1",
      "react-query": "^3.5.16",
      "zustand": "^3.5.7",
      "next-i18next": "^7.0.1",
      "prettier": "^2.2.1"
    },
    "devDependencies": {
      "@types/node": "^14.14.13",
      "@types/react": "^17.0.0",
      "@types/react-dom": "^17.0.0",
      "typescript": "^4.1.3",
      "autoprefixer": "^10.1.0",
      "tailwindcss": "^2.0.2",
      "postcss": "^8.2.4",
      "@svgr/cli": "^5.5.0",
      "eslint": "^7.15.0",
      "@typescript-eslint/eslint-plugin": "^4.9.1",
      "@typescript-eslint/parser": "^4.9.1",
      "eslint-config-prettier": "^7.0.0",
      "eslint-plugin-prettier": "^3.2.0",
      "@testing-library/react": "^11.2.3",
      "@testing-library/react-hooks": "^5.0.0",
      "identity-obj-proxy": "^3.0.0",
      "jest": "^26.6.3",
      "ts-jest": "^26.4.4",
      "nock": "^13.0.6",
      "isomorphic-unfetch": "^3.1.0",
      "dotenv": "^8.2.0"
    }
  }

yarn manifest: 
  No manifest

Lockfile: 
  No lockfile
